<?xml version="1.0" encoding="UTF-8"?>
<testng-results ignored="0" total="1" passed="1" failed="0" skipped="0">
  <reporter-output>
  </reporter-output>
  <suite started-at="2022-07-27T14:07:25 IST" name="Default suite" finished-at="2022-07-27T14:07:25 IST" duration-ms="448">
    <groups>
    </groups>
    <test started-at="2022-07-27T14:07:25 IST" name="Default test" finished-at="2022-07-27T14:07:25 IST" duration-ms="448">
      <class name="testVagrant.testVagrant">
        <test-method signature="findplayerinfo()[pri:0, instance:testVagrant.testVagrant@732c2a62]" started-at="2022-07-27T14:07:25 IST" name="findplayerinfo" finished-at="2022-07-27T14:07:25 IST" duration-ms="396" status="PASS">
          <reporter-output>
          </reporter-output>
        </test-method> <!-- findplayerinfo -->
      </class> <!-- testVagrant.testVagrant -->
    </test> <!-- Default test -->
  </suite> <!-- Default suite -->
</testng-results>
